This is pdfTeXk, Version 3.141592-1.40.3 (Web2C 7.5.6) (format=pdflatex 2009.3.31)  13 MAY 2009 17:07
entering extended mode
 %&-line parsing enabled.
**llncs.dem
(./llncs.dem
LaTeX2e <2005/12/01>
Babel <v3.8h> and hyphenation patterns for english, usenglishmax, dumylang, noh
yphenation, loaded.
(./llncs.cls
Document Class: llncs 2004/08/17 v2.14 
 LaTeX document class for Lecture Notes in Computer Science
(/usr/share/texmf-texlive/tex/latex/base/article.cls
Document Class: article 2005/09/16 v1.4f Standard LaTeX document class
(/usr/share/texmf-texlive/tex/latex/base/size10.clo
File: size10.clo 2005/09/16 v1.4f Standard LaTeX file (size option)
)
\c@part=\count79
\c@section=\count80
\c@subsection=\count81
\c@subsubsection=\count82
\c@paragraph=\count83
\c@subparagraph=\count84
\c@figure=\count85
\c@table=\count86
\abovecaptionskip=\skip41
\belowcaptionskip=\skip42
\bibindent=\dimen102
)
(/usr/share/texmf-texlive/tex/latex/tools/multicol.sty
Package: multicol 2006/05/18 v1.6g multicolumn formatting (FMi)
\c@tracingmulticols=\count87
\mult@box=\box26
\multicol@leftmargin=\dimen103
\c@unbalance=\count88
\c@collectmore=\count89
\doublecol@number=\count90
\multicoltolerance=\count91
\multicolpretolerance=\count92
\full@width=\dimen104
\page@free=\dimen105
\premulticols=\dimen106
\postmulticols=\dimen107
\multicolsep=\skip43
\multicolbaselineskip=\skip44
\partial@page=\box27
\last@line=\box28
\mult@rightbox=\box29
\mult@grightbox=\box30
\mult@gfirstbox=\box31
\mult@firstbox=\box32
\@tempa=\box33
\@tempa=\box34
\@tempa=\box35
\@tempa=\box36
\@tempa=\box37
\@tempa=\box38
\@tempa=\box39
\@tempa=\box40
\@tempa=\box41
\@tempa=\box42
\@tempa=\box43
\@tempa=\box44
\@tempa=\box45
\@tempa=\box46
\@tempa=\box47
\@tempa=\box48
\@tempa=\box49
\c@columnbadness=\count93
\c@finalcolumnbadness=\count94
\last@try=\dimen108
\multicolovershoot=\dimen109
\multicolundershoot=\dimen110
\mult@nat@firstbox=\box50
\colbreak@box=\box51
)
\c@chapter=\count95
LaTeX Font Info:    Redeclaring math symbol \Gamma on input line 360.
LaTeX Font Info:    Redeclaring math symbol \Delta on input line 361.
LaTeX Font Info:    Redeclaring math symbol \Theta on input line 362.
LaTeX Font Info:    Redeclaring math symbol \Lambda on input line 363.
LaTeX Font Info:    Redeclaring math symbol \Xi on input line 364.
LaTeX Font Info:    Redeclaring math symbol \Pi on input line 365.
LaTeX Font Info:    Redeclaring math symbol \Sigma on input line 366.
LaTeX Font Info:    Redeclaring math symbol \Upsilon on input line 367.
LaTeX Font Info:    Redeclaring math symbol \Phi on input line 368.
LaTeX Font Info:    Redeclaring math symbol \Psi on input line 369.
LaTeX Font Info:    Redeclaring math symbol \Omega on input line 370.
\tocchpnum=\dimen111
\tocsecnum=\dimen112
\tocsectotal=\dimen113
\tocsubsecnum=\dimen114
\tocsubsectotal=\dimen115
\tocsubsubsecnum=\dimen116
\tocsubsubsectotal=\dimen117
\tocparanum=\dimen118
\tocparatotal=\dimen119
\tocsubparanum=\dimen120
\@tempcntc=\count96
\fnindent=\dimen121
\c@@inst=\count97
\c@@auth=\count98
\c@auco=\count99
\instindent=\dimen122
\authrun=\box52
\authorrunning=\toks14
\tocauthor=\toks15
\titrun=\box53
\titlerunning=\toks16
\toctitle=\toks17
\c@theorem=\count100
\c@case=\count101
\c@conjecture=\count102
\c@corollary=\count103
\c@definition=\count104
\c@example=\count105
\c@exercise=\count106
\c@lemma=\count107
\c@note=\count108
\c@problem=\count109
\c@property=\count110
\c@proposition=\count111
\c@question=\count112
\c@solution=\count113
\c@remark=\count114
\headlineindent=\dimen123
)
(/usr/share/texmf-texlive/tex/latex/base/makeidx.sty
Package: makeidx 2000/03/29 v1.0m Standard LaTeX package
)
No file llncs.aux.
\openout1 = `llncs.aux'.

LaTeX Font Info:    Checking defaults for OML/cmm/m/it on input line 10.
LaTeX Font Info:    ... okay on input line 10.
LaTeX Font Info:    Checking defaults for T1/cmr/m/n on input line 10.
LaTeX Font Info:    ... okay on input line 10.
LaTeX Font Info:    Checking defaults for OT1/cmr/m/n on input line 10.
LaTeX Font Info:    ... okay on input line 10.
LaTeX Font Info:    Checking defaults for OMS/cmsy/m/n on input line 10.
LaTeX Font Info:    ... okay on input line 10.
LaTeX Font Info:    Checking defaults for OMX/cmex/m/n on input line 10.
LaTeX Font Info:    ... okay on input line 10.
LaTeX Font Info:    Checking defaults for U/cmr/m/n on input line 10.
LaTeX Font Info:    ... okay on input line 10.
[1



{/var/lib/texmf/fonts/map/pdftex/updmap/pdftex.map}]
LaTeX Font Info:    External font `cmex10' loaded for size
(Font)              <7> on input line 53.
LaTeX Font Info:    External font `cmex10' loaded for size
(Font)              <5> on input line 53.
 [2

] [3]
No file llncs.toc.
\tf@toc=\write3
\openout3 = `llncs.toc'.

[4

]
LaTeX Font Info:    External font `cmex10' loaded for size
(Font)              <9> on input line 198.
LaTeX Font Info:    External font `cmex10' loaded for size
(Font)              <6> on input line 198.


LaTeX Warning: Reference `ghou:pre' on page 1 undefined on input line 245.

[1

]

LaTeX Warning: Reference `eq:one' on page 2 undefined on input line 288.


LaTeX Warning: Reference `eq:two' on page 2 undefined on input line 312.

[2]

LaTeX Warning: Reference `eq:three' on page 3 undefined on input line 391.

[3]

LaTeX Warning: Reference `eq:five' on page 4 undefined on input line 431.


LaTeX Warning: Citation `clar:eke' on page 4 undefined on input line 436.


LaTeX Warning: Reference `eq:four' on page 4 undefined on input line 441.

[4]

LaTeX Warning: Citation `rab' on page 5 undefined on input line 567.


LaTeX Warning: Citation `clar:eke:2' on page 5 undefined on input line 570.

[5]

LaTeX Warning: Citation `mich:tar' on page 6 undefined on input line 574.


LaTeX Warning: Citation `tar' on page 6 undefined on input line 574.

[6] [7]

LaTeX Warning: Reference `2eq:one' on page 8 undefined on input line 757.


LaTeX Warning: Reference `2eq:two' on page 8 undefined on input line 781.

[8]

LaTeX Warning: Reference `2eq:three' on page 9 undefined on input line 860.

[9]

LaTeX Warning: Reference `2eq:five' on page 10 undefined on input line 900.


LaTeX Warning: Citation `2clar:eke' on page 10 undefined on input line 905.


LaTeX Warning: Reference `2eq:four' on page 10 undefined on input line 910.

[10]

LaTeX Warning: Citation `2rab' on page 11 undefined on input line 1036.


LaTeX Warning: Citation `2clar:eke:2' on page 11 undefined on input line 1039.

[11]

LaTeX Warning: Citation `2mich:tar' on page 12 undefined on input line 1044.


LaTeX Warning: Citation `2tar' on page 12 undefined on input line 1044.

[12] (./llncs.ind [13

] [14] [15]) [16] (./subjidx.ind
Underfull \hbox (badness 10000) in paragraph at lines 17--18
[]\OT1/cmr/m/n/9 Angular mo-men-tum states 107, 321,
 []


Underfull \hbox (badness 10000) in paragraph at lines 38--39
[]\OT1/cmr/m/n/9 Brillouin-Wigner per-tur-ba-tion the-ory
 []


Underfull \hbox (badness 10000) in paragraph at lines 62--63
[]\OT1/cmr/m/n/9 Exchange term 228, 231, 237, 241, 268,
 []

) [17

] (./llncs.aux)

LaTeX Warning: There were undefined references.


LaTeX Warning: Label(s) may have changed. Rerun to get cross-references right.

 ) 
Here is how much of TeX's memory you used:
 657 strings out of 95086
 7064 string characters out of 1183255
 65322 words of memory out of 1500000
 3883 multiletter control sequences out of 10000+50000
 9658 words of font info for 34 fonts, out of 1200000 for 2000
 28 hyphenation exceptions out of 8191
 29i,10n,21p,300b,326s stack positions out of 5000i,500n,6000p,200000b,5000s
</usr/share/texmf-texlive/fonts/type1/bluesky/cm/cmbx10.pfb></usr/share/texmf
-texlive/fonts/type1/bluesky/cm/cmbx12.pfb></usr/share/texmf-texlive/fonts/type
1/bluesky/cm/cmbx9.pfb></usr/share/texmf-texlive/fonts/type1/bluesky/cm/cmex10.
pfb></usr/share/texmf-texlive/fonts/type1/bluesky/cm/cmmi10.pfb></usr/share/tex
mf-texlive/fonts/type1/bluesky/cm/cmmi6.pfb></usr/share/texmf-texlive/fonts/typ
e1/bluesky/cm/cmmi7.pfb></usr/share/texmf-texlive/fonts/type1/bluesky/cm/cmmi9.
pfb></usr/share/texmf-texlive/fonts/type1/bluesky/cm/cmr10.pfb></usr/share/texm
f-texlive/fonts/type1/bluesky/cm/cmr6.pfb></usr/share/texmf-texlive/fonts/type1
/bluesky/cm/cmr7.pfb></usr/share/texmf-texlive/fonts/type1/bluesky/cm/cmr9.pfb>
</usr/share/texmf-texlive/fonts/type1/bluesky/cm/cmsy10.pfb></usr/share/texmf-t
exlive/fonts/type1/bluesky/cm/cmsy5.pfb></usr/share/texmf-texlive/fonts/type1/b
luesky/cm/cmsy7.pfb></usr/share/texmf-texlive/fonts/type1/bluesky/cm/cmti10.pfb
></usr/share/texmf-texlive/fonts/type1/bluesky/cm/cmti9.pfb></usr/share/texmf-t
exlive/fonts/type1/bluesky/cm/cmtt9.pfb>
Output written on llncs.pdf (21 pages, 171963 bytes).
PDF statistics:
 142 PDF objects out of 1000 (max. 8388607)
 0 named destinations out of 1000 (max. 131072)
 1 words of extra memory for PDF output out of 10000 (max. 10000000)

